2024-08-09 17:15:29 - Starting EnglishApp using Java 17.0.10 with PID 16768 (C:\Users\volga\IdeaProjects\EnglishApp\target\classes started by volga in C:\Users\volga\IdeaProjects\EnglishApp)
2024-08-09 17:15:29 - Running with Spring Boot v3.2.1, Spring v6.1.2
2024-08-09 17:15:29 - No active profile set, falling back to 1 default profile: "default"
2024-08-09 17:15:30 - Bootstrapping Spring Data JPA repositories in DEFAULT mode.
2024-08-09 17:15:30 - Finished Spring Data repository scanning in 59 ms. Found 5 JPA repository interfaces.
2024-08-09 17:15:30 - Tomcat initialized with port 8080 (http)
2024-08-09 17:15:30 - Starting service [Tomcat]
2024-08-09 17:15:30 - Starting Servlet engine: [Apache Tomcat/10.1.17]
2024-08-09 17:15:30 - Initializing Spring embedded WebApplicationContext
2024-08-09 17:15:30 - Root WebApplicationContext: initialization completed in 1393 ms
2024-08-09 17:15:31 - HikariPool-1 - Starting...
2024-08-09 17:15:31 - HikariPool-1 - Added connection org.postgresql.jdbc.PgConnection@6418e39e
2024-08-09 17:15:31 - HikariPool-1 - Start completed.
2024-08-09 17:15:31 - Set default schema name to public
2024-08-09 17:15:31 - Reading from public.databasechangelog
2024-08-09 17:15:31 - Database is up to date, no changesets to execute
2024-08-09 17:15:31 - Reading from public.databasechangelog
2024-08-09 17:15:31 - UPDATE SUMMARY
2024-08-09 17:15:31 - Run:                          0
2024-08-09 17:15:31 - Previously run:               5
2024-08-09 17:15:31 - Filtered out:                 0
2024-08-09 17:15:31 - -------------------------------
2024-08-09 17:15:31 - Total change sets:            5
2024-08-09 17:15:31 - Update summary generated
2024-08-09 17:15:31 - Successfully released change log lock
2024-08-09 17:15:31 - Command execution complete
2024-08-09 17:15:31 - HHH000204: Processing PersistenceUnitInfo [name: default]
2024-08-09 17:15:32 - HHH000412: Hibernate ORM core version 6.4.1.Final
2024-08-09 17:15:32 - HHH000026: Second-level cache disabled
2024-08-09 17:15:32 - No LoadTimeWeaver setup: ignoring JPA class transformer
2024-08-09 17:15:32 - HHH90000025: PostgreSQLDialect does not need to be specified explicitly using 'hibernate.dialect' (remove the property setting and it will be selected by default)
2024-08-09 17:15:33 - HHH000489: No JTA platform available (set 'hibernate.transaction.jta.platform' to enable JTA platform integration)
2024-08-09 17:15:33 - Initialized JPA EntityManagerFactory for persistence unit 'default'
2024-08-09 17:15:34 - Error setting bot's command list: Error executing org.telegram.telegrambots.meta.api.methods.commands.SetMyCommands query: [400] Bad Request: BOT_COMMAND_INVALID
2024-08-09 17:15:34 - Hibernate is in classpath; If applicable, HQL parser will be used.
2024-08-09 17:15:34 - spring.jpa.open-in-view is enabled by default. Therefore, database queries may be performed during view rendering. Explicitly configure spring.jpa.open-in-view to disable this warning
2024-08-09 17:15:35 - 2 mappings in 'requestMappingHandlerMapping'
2024-08-09 17:15:35 - Patterns [/webjars/**, /**] in 'resourceHandlerMapping'
2024-08-09 17:15:35 - ControllerAdvice beans: 0 @ModelAttribute, 0 @InitBinder, 1 RequestBodyAdvice, 1 ResponseBodyAdvice
2024-08-09 17:15:35 - ControllerAdvice beans: 0 @ExceptionHandler, 1 ResponseBodyAdvice
2024-08-09 17:15:35 - Tomcat started on port 8080 (http) with context path ''
2024-08-09 17:15:35 - Started EnglishApp in 6.53 seconds (process running for 6.997)
2024-08-09 17:15:41 - Message received: /start from chatId: 189377799
2024-08-09 17:15:41 - Processing /start command
2024-08-09 17:15:41 - User with username 'garoma1989' already exists.
2024-08-09 17:15:41 - isLanguageSet отработал, язык не найден
2024-08-09 17:16:12 - Closing JPA EntityManagerFactory for persistence unit 'default'
2024-08-09 17:16:12 - HikariPool-1 - Shutdown initiated...
2024-08-09 17:16:12 - HikariPool-1 - Shutdown completed.
2024-08-09 17:16:14 - Starting EnglishApp using Java 17.0.10 with PID 9124 (C:\Users\volga\IdeaProjects\EnglishApp\target\classes started by volga in C:\Users\volga\IdeaProjects\EnglishApp)
2024-08-09 17:16:14 - Running with Spring Boot v3.2.1, Spring v6.1.2
2024-08-09 17:16:14 - No active profile set, falling back to 1 default profile: "default"
2024-08-09 17:16:15 - Bootstrapping Spring Data JPA repositories in DEFAULT mode.
2024-08-09 17:16:15 - Finished Spring Data repository scanning in 45 ms. Found 5 JPA repository interfaces.
2024-08-09 17:16:16 - Tomcat initialized with port 8080 (http)
2024-08-09 17:16:16 - Starting service [Tomcat]
2024-08-09 17:16:16 - Starting Servlet engine: [Apache Tomcat/10.1.17]
2024-08-09 17:16:16 - Initializing Spring embedded WebApplicationContext
2024-08-09 17:16:16 - Root WebApplicationContext: initialization completed in 1223 ms
2024-08-09 17:16:16 - HikariPool-1 - Starting...
2024-08-09 17:16:16 - HikariPool-1 - Added connection org.postgresql.jdbc.PgConnection@4bc59b27
2024-08-09 17:16:16 - HikariPool-1 - Start completed.
2024-08-09 17:16:16 - Set default schema name to public
2024-08-09 17:16:17 - Creating database history table with name: public.databasechangelog
2024-08-09 17:16:17 - Reading from public.databasechangelog
2024-08-09 17:16:17 - Successfully acquired change log lock
2024-08-09 17:16:17 - Using deploymentId: 3209377301
2024-08-09 17:16:17 - Reading from public.databasechangelog
2024-08-09 17:16:17 - Running Changeset: db/changelog/changeset/create-users-table.yaml::create-users::your_name
2024-08-09 17:16:17 - Table users created
2024-08-09 17:16:17 - ChangeSet db/changelog/changeset/create-users-table.yaml::create-users::your_name ran successfully in 19ms
2024-08-09 17:16:17 - Running Changeset: db/changelog/changeset/create-languages-table.yaml::create-languages-table::Galkin
2024-08-09 17:16:17 - Table languages created
2024-08-09 17:16:17 - Unique constraint added to languages(code, name)
2024-08-09 17:16:17 - ChangeSet db/changelog/changeset/create-languages-table.yaml::create-languages-table::Galkin ran successfully in 23ms
2024-08-09 17:16:17 - Running Changeset: db/changelog/changeset/create-user-languages-table.yaml::create-user-languages::your_name
2024-08-09 17:16:17 - Table user_languages created
2024-08-09 17:16:17 - Foreign key constraint added to user_languages (user_id)
2024-08-09 17:16:17 - Foreign key constraint added to user_languages (language_id)
2024-08-09 17:16:17 - Unique constraint added to user_languages(user_id, language_id)
2024-08-09 17:16:17 - ChangeSet db/changelog/changeset/create-user-languages-table.yaml::create-user-languages::your_name ran successfully in 26ms
2024-08-09 17:16:17 - Running Changeset: db/changelog/changeset/create-words-table.yaml::create-words-table::your_name
2024-08-09 17:16:17 - Table words created
2024-08-09 17:16:17 - Unique constraint added to words(language_id, word, user_id)
2024-08-09 17:16:17 - ChangeSet db/changelog/changeset/create-words-table.yaml::create-words-table::your_name ran successfully in 22ms
2024-08-09 17:16:17 - Running Changeset: db/changelog/changeset/create-user-words-table.yaml::create-user-words::your_name
2024-08-09 17:16:17 - Table user_words created
2024-08-09 17:16:17 - ChangeSet db/changelog/changeset/create-user-words-table.yaml::create-user-words::your_name ran successfully in 11ms
2024-08-09 17:16:17 - UPDATE SUMMARY
2024-08-09 17:16:17 - Run:                          5
2024-08-09 17:16:17 - Previously run:               0
2024-08-09 17:16:17 - Filtered out:                 0
2024-08-09 17:16:17 - -------------------------------
2024-08-09 17:16:17 - Total change sets:            5
2024-08-09 17:16:17 - Update summary generated
2024-08-09 17:16:17 - Update command completed successfully.
2024-08-09 17:16:17 - Liquibase: Update has been successful. Rows affected: 5
2024-08-09 17:16:17 - Successfully released change log lock
2024-08-09 17:16:17 - Command execution complete
2024-08-09 17:16:17 - HHH000204: Processing PersistenceUnitInfo [name: default]
2024-08-09 17:16:17 - HHH000412: Hibernate ORM core version 6.4.1.Final
2024-08-09 17:16:17 - HHH000026: Second-level cache disabled
2024-08-09 17:16:17 - No LoadTimeWeaver setup: ignoring JPA class transformer
2024-08-09 17:16:17 - HHH90000025: PostgreSQLDialect does not need to be specified explicitly using 'hibernate.dialect' (remove the property setting and it will be selected by default)
2024-08-09 17:16:18 - HHH000489: No JTA platform available (set 'hibernate.transaction.jta.platform' to enable JTA platform integration)
2024-08-09 17:16:18 - Initialized JPA EntityManagerFactory for persistence unit 'default'
2024-08-09 17:16:19 - Error setting bot's command list: Error executing org.telegram.telegrambots.meta.api.methods.commands.SetMyCommands query: [400] Bad Request: BOT_COMMAND_INVALID
2024-08-09 17:16:19 - Hibernate is in classpath; If applicable, HQL parser will be used.
2024-08-09 17:16:20 - spring.jpa.open-in-view is enabled by default. Therefore, database queries may be performed during view rendering. Explicitly configure spring.jpa.open-in-view to disable this warning
2024-08-09 17:16:20 - 2 mappings in 'requestMappingHandlerMapping'
2024-08-09 17:16:20 - Patterns [/webjars/**, /**] in 'resourceHandlerMapping'
2024-08-09 17:16:20 - ControllerAdvice beans: 0 @ModelAttribute, 0 @InitBinder, 1 RequestBodyAdvice, 1 ResponseBodyAdvice
2024-08-09 17:16:20 - ControllerAdvice beans: 0 @ExceptionHandler, 1 ResponseBodyAdvice
2024-08-09 17:16:20 - Tomcat started on port 8080 (http) with context path ''
2024-08-09 17:16:20 - Started EnglishApp in 6.106 seconds (process running for 6.493)
2024-08-09 17:16:26 - Message received: /start from chatId: 189377799
2024-08-09 17:16:26 - Processing /start command
2024-08-09 17:16:26 - User registered: User{id=1, chatId=189377799, firstName='Roman', lastName='Galkin', userName='garoma1989', registeredAt=2024-08-09 17:16:26.673}
2024-08-09 17:16:26 - isLanguageSet отработал, язык не найден
2024-08-09 17:23:50 - Closing JPA EntityManagerFactory for persistence unit 'default'
2024-08-09 17:23:50 - HikariPool-1 - Shutdown initiated...
2024-08-09 17:23:50 - HikariPool-1 - Shutdown completed.
2024-08-09 17:23:53 - Starting EnglishApp using Java 17.0.10 with PID 3380 (C:\Users\volga\IdeaProjects\EnglishApp\target\classes started by volga in C:\Users\volga\IdeaProjects\EnglishApp)
2024-08-09 17:23:53 - Running with Spring Boot v3.2.1, Spring v6.1.2
2024-08-09 17:23:53 - No active profile set, falling back to 1 default profile: "default"
2024-08-09 17:23:54 - Bootstrapping Spring Data JPA repositories in DEFAULT mode.
2024-08-09 17:23:54 - Finished Spring Data repository scanning in 58 ms. Found 5 JPA repository interfaces.
2024-08-09 17:23:55 - Tomcat initialized with port 8080 (http)
2024-08-09 17:23:55 - Starting service [Tomcat]
2024-08-09 17:23:55 - Starting Servlet engine: [Apache Tomcat/10.1.17]
2024-08-09 17:23:55 - Initializing Spring embedded WebApplicationContext
2024-08-09 17:23:55 - Root WebApplicationContext: initialization completed in 1277 ms
2024-08-09 17:23:55 - HikariPool-1 - Starting...
2024-08-09 17:23:55 - HikariPool-1 - Added connection org.postgresql.jdbc.PgConnection@4f486211
2024-08-09 17:23:55 - HikariPool-1 - Start completed.
2024-08-09 17:23:55 - Set default schema name to public
2024-08-09 17:23:55 - Reading from public.databasechangelog
2024-08-09 17:23:55 - Database is up to date, no changesets to execute
2024-08-09 17:23:55 - Reading from public.databasechangelog
2024-08-09 17:23:55 - UPDATE SUMMARY
2024-08-09 17:23:55 - Run:                          0
2024-08-09 17:23:55 - Previously run:               5
2024-08-09 17:23:55 - Filtered out:                 0
2024-08-09 17:23:55 - -------------------------------
2024-08-09 17:23:55 - Total change sets:            5
2024-08-09 17:23:55 - Update summary generated
2024-08-09 17:23:55 - Successfully released change log lock
2024-08-09 17:23:55 - Command execution complete
2024-08-09 17:23:56 - HHH000204: Processing PersistenceUnitInfo [name: default]
2024-08-09 17:23:56 - HHH000412: Hibernate ORM core version 6.4.1.Final
2024-08-09 17:23:56 - HHH000026: Second-level cache disabled
2024-08-09 17:23:56 - No LoadTimeWeaver setup: ignoring JPA class transformer
2024-08-09 17:23:56 - HHH90000025: PostgreSQLDialect does not need to be specified explicitly using 'hibernate.dialect' (remove the property setting and it will be selected by default)
2024-08-09 17:23:57 - HHH000489: No JTA platform available (set 'hibernate.transaction.jta.platform' to enable JTA platform integration)
2024-08-09 17:23:57 - Initialized JPA EntityManagerFactory for persistence unit 'default'
2024-08-09 17:23:57 - Error setting bot's command list: Error executing org.telegram.telegrambots.meta.api.methods.commands.SetMyCommands query: [400] Bad Request: BOT_COMMAND_INVALID
2024-08-09 17:23:58 - Hibernate is in classpath; If applicable, HQL parser will be used.
2024-08-09 17:23:58 - spring.jpa.open-in-view is enabled by default. Therefore, database queries may be performed during view rendering. Explicitly configure spring.jpa.open-in-view to disable this warning
2024-08-09 17:23:58 - 2 mappings in 'requestMappingHandlerMapping'
2024-08-09 17:23:58 - Patterns [/webjars/**, /**] in 'resourceHandlerMapping'
2024-08-09 17:23:58 - ControllerAdvice beans: 0 @ModelAttribute, 0 @InitBinder, 1 RequestBodyAdvice, 1 ResponseBodyAdvice
2024-08-09 17:23:58 - ControllerAdvice beans: 0 @ExceptionHandler, 1 ResponseBodyAdvice
2024-08-09 17:23:59 - Tomcat started on port 8080 (http) with context path ''
2024-08-09 17:23:59 - Started EnglishApp in 5.81 seconds (process running for 6.14)
2024-08-09 17:24:13 - Message received: /start from chatId: 189377799
2024-08-09 17:24:13 - Processing /start command
2024-08-09 17:24:13 - User with username 'garoma1989' already exists.
2024-08-09 17:24:13 - isLanguageSet отработал, язык не найден
2024-08-09 17:24:20 - Message received: /start from chatId: 189377799
2024-08-09 17:24:20 - Processing /start command
2024-08-09 17:24:20 - User with username 'garoma1989' already exists.
2024-08-09 17:24:20 - isLanguageSet отработал, язык не найден
2024-08-09 17:26:50 - Closing JPA EntityManagerFactory for persistence unit 'default'
2024-08-09 17:26:50 - HikariPool-1 - Shutdown initiated...
2024-08-09 17:26:50 - HikariPool-1 - Shutdown completed.
2024-08-09 17:26:53 - Starting EnglishApp using Java 17.0.10 with PID 21252 (C:\Users\volga\IdeaProjects\EnglishApp\target\classes started by volga in C:\Users\volga\IdeaProjects\EnglishApp)
2024-08-09 17:26:53 - Running with Spring Boot v3.2.1, Spring v6.1.2
2024-08-09 17:26:53 - No active profile set, falling back to 1 default profile: "default"
2024-08-09 17:26:54 - Bootstrapping Spring Data JPA repositories in DEFAULT mode.
2024-08-09 17:26:54 - Finished Spring Data repository scanning in 64 ms. Found 5 JPA repository interfaces.
2024-08-09 17:26:54 - Tomcat initialized with port 8080 (http)
2024-08-09 17:26:54 - Starting service [Tomcat]
2024-08-09 17:26:54 - Starting Servlet engine: [Apache Tomcat/10.1.17]
2024-08-09 17:26:54 - Initializing Spring embedded WebApplicationContext
2024-08-09 17:26:54 - Root WebApplicationContext: initialization completed in 1270 ms
2024-08-09 17:26:54 - HikariPool-1 - Starting...
2024-08-09 17:26:55 - HikariPool-1 - Added connection org.postgresql.jdbc.PgConnection@4a50d04a
2024-08-09 17:26:55 - HikariPool-1 - Start completed.
2024-08-09 17:26:55 - Set default schema name to public
2024-08-09 17:26:55 - Reading from public.databasechangelog
2024-08-09 17:26:55 - Database is up to date, no changesets to execute
2024-08-09 17:26:55 - Reading from public.databasechangelog
2024-08-09 17:26:55 - UPDATE SUMMARY
2024-08-09 17:26:55 - Run:                          0
2024-08-09 17:26:55 - Previously run:               5
2024-08-09 17:26:55 - Filtered out:                 0
2024-08-09 17:26:55 - -------------------------------
2024-08-09 17:26:55 - Total change sets:            5
2024-08-09 17:26:55 - Update summary generated
2024-08-09 17:26:55 - Successfully released change log lock
2024-08-09 17:26:55 - Command execution complete
2024-08-09 17:26:55 - HHH000204: Processing PersistenceUnitInfo [name: default]
2024-08-09 17:26:55 - HHH000412: Hibernate ORM core version 6.4.1.Final
2024-08-09 17:26:55 - HHH000026: Second-level cache disabled
2024-08-09 17:26:56 - No LoadTimeWeaver setup: ignoring JPA class transformer
2024-08-09 17:26:56 - HHH90000025: PostgreSQLDialect does not need to be specified explicitly using 'hibernate.dialect' (remove the property setting and it will be selected by default)
2024-08-09 17:26:57 - HHH000489: No JTA platform available (set 'hibernate.transaction.jta.platform' to enable JTA platform integration)
2024-08-09 17:26:57 - Initialized JPA EntityManagerFactory for persistence unit 'default'
2024-08-09 17:26:57 - Error setting bot's command list: Error executing org.telegram.telegrambots.meta.api.methods.commands.SetMyCommands query: [400] Bad Request: BOT_COMMAND_INVALID
2024-08-09 17:26:58 - Hibernate is in classpath; If applicable, HQL parser will be used.
2024-08-09 17:26:58 - spring.jpa.open-in-view is enabled by default. Therefore, database queries may be performed during view rendering. Explicitly configure spring.jpa.open-in-view to disable this warning
2024-08-09 17:26:58 - 2 mappings in 'requestMappingHandlerMapping'
2024-08-09 17:26:58 - Patterns [/webjars/**, /**] in 'resourceHandlerMapping'
2024-08-09 17:26:58 - ControllerAdvice beans: 0 @ModelAttribute, 0 @InitBinder, 1 RequestBodyAdvice, 1 ResponseBodyAdvice
2024-08-09 17:26:58 - ControllerAdvice beans: 0 @ExceptionHandler, 1 ResponseBodyAdvice
2024-08-09 17:26:58 - Tomcat started on port 8080 (http) with context path ''
2024-08-09 17:26:58 - Started EnglishApp in 5.833 seconds (process running for 6.163)
2024-08-09 17:27:06 - Message received: /start from chatId: 189377799
2024-08-09 17:27:06 - Processing /start command
2024-08-09 17:27:06 - User with username 'garoma1989' already exists.
2024-08-09 17:27:06 - isLanguageSet отработал, язык не найден
2024-08-09 17:34:28 - Closing JPA EntityManagerFactory for persistence unit 'default'
2024-08-09 17:34:28 - HikariPool-1 - Shutdown initiated...
2024-08-09 17:34:28 - HikariPool-1 - Shutdown completed.
2024-08-09 17:34:33 - Starting EnglishApp using Java 17.0.10 with PID 16100 (C:\Users\volga\IdeaProjects\EnglishApp\target\classes started by volga in C:\Users\volga\IdeaProjects\EnglishApp)
2024-08-09 17:34:33 - Running with Spring Boot v3.2.1, Spring v6.1.2
2024-08-09 17:34:33 - No active profile set, falling back to 1 default profile: "default"
2024-08-09 17:34:34 - Bootstrapping Spring Data JPA repositories in DEFAULT mode.
2024-08-09 17:34:34 - Finished Spring Data repository scanning in 60 ms. Found 5 JPA repository interfaces.
2024-08-09 17:34:34 - Tomcat initialized with port 8080 (http)
2024-08-09 17:34:34 - Starting service [Tomcat]
2024-08-09 17:34:34 - Starting Servlet engine: [Apache Tomcat/10.1.17]
2024-08-09 17:34:34 - Initializing Spring embedded WebApplicationContext
2024-08-09 17:34:34 - Root WebApplicationContext: initialization completed in 1250 ms
2024-08-09 17:34:35 - HikariPool-1 - Starting...
2024-08-09 17:34:35 - HikariPool-1 - Added connection org.postgresql.jdbc.PgConnection@5529ff44
2024-08-09 17:34:35 - HikariPool-1 - Start completed.
2024-08-09 17:34:35 - Set default schema name to public
2024-08-09 17:34:35 - Reading from public.databasechangelog
2024-08-09 17:34:35 - Database is up to date, no changesets to execute
2024-08-09 17:34:35 - Reading from public.databasechangelog
2024-08-09 17:34:35 - UPDATE SUMMARY
2024-08-09 17:34:35 - Run:                          0
2024-08-09 17:34:35 - Previously run:               5
2024-08-09 17:34:35 - Filtered out:                 0
2024-08-09 17:34:35 - -------------------------------
2024-08-09 17:34:35 - Total change sets:            5
2024-08-09 17:34:35 - Update summary generated
2024-08-09 17:34:35 - Successfully released change log lock
2024-08-09 17:34:35 - Command execution complete
2024-08-09 17:34:35 - HHH000204: Processing PersistenceUnitInfo [name: default]
2024-08-09 17:34:35 - HHH000412: Hibernate ORM core version 6.4.1.Final
2024-08-09 17:34:36 - HHH000026: Second-level cache disabled
2024-08-09 17:34:36 - No LoadTimeWeaver setup: ignoring JPA class transformer
2024-08-09 17:34:36 - HHH90000025: PostgreSQLDialect does not need to be specified explicitly using 'hibernate.dialect' (remove the property setting and it will be selected by default)
2024-08-09 17:34:37 - HHH000489: No JTA platform available (set 'hibernate.transaction.jta.platform' to enable JTA platform integration)
2024-08-09 17:34:37 - Initialized JPA EntityManagerFactory for persistence unit 'default'
2024-08-09 17:34:38 - Error setting bot's command list: Error executing org.telegram.telegrambots.meta.api.methods.commands.SetMyCommands query: [400] Bad Request: BOT_COMMAND_INVALID
2024-08-09 17:34:38 - Hibernate is in classpath; If applicable, HQL parser will be used.
2024-08-09 17:34:39 - spring.jpa.open-in-view is enabled by default. Therefore, database queries may be performed during view rendering. Explicitly configure spring.jpa.open-in-view to disable this warning
2024-08-09 17:34:39 - 2 mappings in 'requestMappingHandlerMapping'
2024-08-09 17:34:39 - Patterns [/webjars/**, /**] in 'resourceHandlerMapping'
2024-08-09 17:34:39 - ControllerAdvice beans: 0 @ModelAttribute, 0 @InitBinder, 1 RequestBodyAdvice, 1 ResponseBodyAdvice
2024-08-09 17:34:39 - ControllerAdvice beans: 0 @ExceptionHandler, 1 ResponseBodyAdvice
2024-08-09 17:34:39 - Tomcat started on port 8080 (http) with context path ''
2024-08-09 17:34:39 - Started EnglishApp in 6.452 seconds (process running for 6.817)
2024-08-09 17:34:46 - Message received: /start from chatId: 189377799
2024-08-09 17:34:46 - Processing /start command
2024-08-09 17:34:46 - User with username 'garoma1989' already exists.
2024-08-09 17:34:46 - isLanguageSet отработал, язык не найден
2024-08-09 17:36:10 - Message received: /start from chatId: 189377799
2024-08-09 17:36:10 - Processing /start command
2024-08-09 17:36:10 - User with username 'garoma1989' already exists.
2024-08-09 17:36:10 - isLanguageSet отработал, язык не найден
2024-08-09 17:36:51 - Closing JPA EntityManagerFactory for persistence unit 'default'
2024-08-09 17:36:51 - HikariPool-1 - Shutdown initiated...
2024-08-09 17:36:51 - HikariPool-1 - Shutdown completed.
2024-08-09 17:36:55 - Starting EnglishApp using Java 17.0.10 with PID 7740 (C:\Users\volga\IdeaProjects\EnglishApp\target\classes started by volga in C:\Users\volga\IdeaProjects\EnglishApp)
2024-08-09 17:36:55 - Running with Spring Boot v3.2.1, Spring v6.1.2
2024-08-09 17:36:55 - No active profile set, falling back to 1 default profile: "default"
2024-08-09 17:36:55 - Bootstrapping Spring Data JPA repositories in DEFAULT mode.
2024-08-09 17:36:55 - Finished Spring Data repository scanning in 55 ms. Found 5 JPA repository interfaces.
2024-08-09 17:36:56 - Tomcat initialized with port 8080 (http)
2024-08-09 17:36:56 - Starting service [Tomcat]
2024-08-09 17:36:56 - Starting Servlet engine: [Apache Tomcat/10.1.17]
2024-08-09 17:36:56 - Initializing Spring embedded WebApplicationContext
2024-08-09 17:36:56 - Root WebApplicationContext: initialization completed in 1316 ms
2024-08-09 17:36:56 - HikariPool-1 - Starting...
2024-08-09 17:36:56 - HikariPool-1 - Added connection org.postgresql.jdbc.PgConnection@7e1ffe70
2024-08-09 17:36:56 - HikariPool-1 - Start completed.
2024-08-09 17:36:57 - Set default schema name to public
2024-08-09 17:36:57 - Reading from public.databasechangelog
2024-08-09 17:36:57 - Database is up to date, no changesets to execute
2024-08-09 17:36:57 - Reading from public.databasechangelog
2024-08-09 17:36:57 - UPDATE SUMMARY
2024-08-09 17:36:57 - Run:                          0
2024-08-09 17:36:57 - Previously run:               5
2024-08-09 17:36:57 - Filtered out:                 0
2024-08-09 17:36:57 - -------------------------------
2024-08-09 17:36:57 - Total change sets:            5
2024-08-09 17:36:57 - Update summary generated
2024-08-09 17:36:57 - Successfully released change log lock
2024-08-09 17:36:57 - Command execution complete
2024-08-09 17:36:57 - HHH000204: Processing PersistenceUnitInfo [name: default]
2024-08-09 17:36:57 - HHH000412: Hibernate ORM core version 6.4.1.Final
2024-08-09 17:36:57 - HHH000026: Second-level cache disabled
2024-08-09 17:36:57 - No LoadTimeWeaver setup: ignoring JPA class transformer
2024-08-09 17:36:58 - HHH90000025: PostgreSQLDialect does not need to be specified explicitly using 'hibernate.dialect' (remove the property setting and it will be selected by default)
2024-08-09 17:36:58 - HHH000489: No JTA platform available (set 'hibernate.transaction.jta.platform' to enable JTA platform integration)
2024-08-09 17:36:58 - Initialized JPA EntityManagerFactory for persistence unit 'default'
2024-08-09 17:36:59 - Hibernate is in classpath; If applicable, HQL parser will be used.
2024-08-09 17:37:00 - spring.jpa.open-in-view is enabled by default. Therefore, database queries may be performed during view rendering. Explicitly configure spring.jpa.open-in-view to disable this warning
2024-08-09 17:37:00 - 2 mappings in 'requestMappingHandlerMapping'
2024-08-09 17:37:00 - Patterns [/webjars/**, /**] in 'resourceHandlerMapping'
2024-08-09 17:37:00 - ControllerAdvice beans: 0 @ModelAttribute, 0 @InitBinder, 1 RequestBodyAdvice, 1 ResponseBodyAdvice
2024-08-09 17:37:00 - ControllerAdvice beans: 0 @ExceptionHandler, 1 ResponseBodyAdvice
2024-08-09 17:37:00 - Tomcat started on port 8080 (http) with context path ''
2024-08-09 17:37:00 - Started EnglishApp in 5.923 seconds (process running for 6.29)
2024-08-09 17:37:06 - Message received: /start from chatId: 189377799
2024-08-09 17:37:06 - Processing /start command
2024-08-09 17:37:06 - User with username 'garoma1989' already exists.
2024-08-09 17:37:06 - isLanguageSet отработал, язык не найден
2024-08-09 17:37:07 - Message received: /start from chatId: 189377799
2024-08-09 17:37:07 - Processing /start command
2024-08-09 17:37:07 - User with username 'garoma1989' already exists.
2024-08-09 17:37:07 - isLanguageSet отработал, язык не найден
2024-08-09 17:37:11 - Message received: /start from chatId: 189377799
2024-08-09 17:37:11 - Processing /start command
2024-08-09 17:37:11 - User with username 'garoma1989' already exists.
2024-08-09 17:37:11 - isLanguageSet отработал, язык не найден
2024-08-09 17:39:05 - Closing JPA EntityManagerFactory for persistence unit 'default'
2024-08-09 17:39:05 - HikariPool-1 - Shutdown initiated...
2024-08-09 17:39:05 - HikariPool-1 - Shutdown completed.
2024-08-09 17:39:08 - Starting EnglishApp using Java 17.0.10 with PID 10056 (C:\Users\volga\IdeaProjects\EnglishApp\target\classes started by volga in C:\Users\volga\IdeaProjects\EnglishApp)
2024-08-09 17:39:08 - Running with Spring Boot v3.2.1, Spring v6.1.2
2024-08-09 17:39:08 - No active profile set, falling back to 1 default profile: "default"
2024-08-09 17:39:09 - Bootstrapping Spring Data JPA repositories in DEFAULT mode.
2024-08-09 17:39:09 - Finished Spring Data repository scanning in 63 ms. Found 5 JPA repository interfaces.
2024-08-09 17:39:09 - Tomcat initialized with port 8080 (http)
2024-08-09 17:39:09 - Starting service [Tomcat]
2024-08-09 17:39:09 - Starting Servlet engine: [Apache Tomcat/10.1.17]
2024-08-09 17:39:09 - Initializing Spring embedded WebApplicationContext
2024-08-09 17:39:09 - Root WebApplicationContext: initialization completed in 1262 ms
2024-08-09 17:39:10 - HikariPool-1 - Starting...
2024-08-09 17:39:10 - HikariPool-1 - Added connection org.postgresql.jdbc.PgConnection@4f486211
2024-08-09 17:39:10 - HikariPool-1 - Start completed.
2024-08-09 17:39:10 - Set default schema name to public
2024-08-09 17:39:10 - Creating database history table with name: public.databasechangelog
2024-08-09 17:39:10 - Reading from public.databasechangelog
2024-08-09 17:39:10 - Successfully acquired change log lock
2024-08-09 17:39:10 - Using deploymentId: 3210750867
2024-08-09 17:39:10 - Reading from public.databasechangelog
2024-08-09 17:39:10 - Running Changeset: db/changelog/changeset/create-users-table.yaml::create-users::your_name
2024-08-09 17:39:10 - Table users created
2024-08-09 17:39:10 - ChangeSet db/changelog/changeset/create-users-table.yaml::create-users::your_name ran successfully in 28ms
2024-08-09 17:39:10 - Running Changeset: db/changelog/changeset/create-languages-table.yaml::create-languages-table::Galkin
2024-08-09 17:39:10 - Table languages created
2024-08-09 17:39:10 - Unique constraint added to languages(code, name)
2024-08-09 17:39:10 - ChangeSet db/changelog/changeset/create-languages-table.yaml::create-languages-table::Galkin ran successfully in 37ms
2024-08-09 17:39:10 - Running Changeset: db/changelog/changeset/create-user-languages-table.yaml::create-user-languages::your_name
2024-08-09 17:39:11 - Table user_languages created
2024-08-09 17:39:11 - Foreign key constraint added to user_languages (user_id)
2024-08-09 17:39:11 - Foreign key constraint added to user_languages (language_id)
2024-08-09 17:39:11 - Unique constraint added to user_languages(user_id, language_id)
2024-08-09 17:39:11 - ChangeSet db/changelog/changeset/create-user-languages-table.yaml::create-user-languages::your_name ran successfully in 25ms
2024-08-09 17:39:11 - Running Changeset: db/changelog/changeset/create-words-table.yaml::create-words-table::your_name
2024-08-09 17:39:11 - Table words created
2024-08-09 17:39:11 - Unique constraint added to words(language_id, word, user_id)
2024-08-09 17:39:11 - ChangeSet db/changelog/changeset/create-words-table.yaml::create-words-table::your_name ran successfully in 21ms
2024-08-09 17:39:11 - Running Changeset: db/changelog/changeset/create-user-words-table.yaml::create-user-words::your_name
2024-08-09 17:39:11 - Table user_words created
2024-08-09 17:39:11 - ChangeSet db/changelog/changeset/create-user-words-table.yaml::create-user-words::your_name ran successfully in 12ms
2024-08-09 17:39:11 - UPDATE SUMMARY
2024-08-09 17:39:11 - Run:                          5
2024-08-09 17:39:11 - Previously run:               0
2024-08-09 17:39:11 - Filtered out:                 0
2024-08-09 17:39:11 - -------------------------------
2024-08-09 17:39:11 - Total change sets:            5
2024-08-09 17:39:11 - Update summary generated
2024-08-09 17:39:11 - Update command completed successfully.
2024-08-09 17:39:11 - Liquibase: Update has been successful. Rows affected: 5
2024-08-09 17:39:11 - Successfully released change log lock
2024-08-09 17:39:11 - Command execution complete
2024-08-09 17:39:11 - HHH000204: Processing PersistenceUnitInfo [name: default]
2024-08-09 17:39:11 - HHH000412: Hibernate ORM core version 6.4.1.Final
2024-08-09 17:39:11 - HHH000026: Second-level cache disabled
2024-08-09 17:39:11 - No LoadTimeWeaver setup: ignoring JPA class transformer
2024-08-09 17:39:11 - HHH90000025: PostgreSQLDialect does not need to be specified explicitly using 'hibernate.dialect' (remove the property setting and it will be selected by default)
2024-08-09 17:39:12 - HHH000489: No JTA platform available (set 'hibernate.transaction.jta.platform' to enable JTA platform integration)
2024-08-09 17:39:12 - Initialized JPA EntityManagerFactory for persistence unit 'default'
2024-08-09 17:39:13 - Hibernate is in classpath; If applicable, HQL parser will be used.
2024-08-09 17:39:13 - spring.jpa.open-in-view is enabled by default. Therefore, database queries may be performed during view rendering. Explicitly configure spring.jpa.open-in-view to disable this warning
2024-08-09 17:39:13 - 2 mappings in 'requestMappingHandlerMapping'
2024-08-09 17:39:13 - Patterns [/webjars/**, /**] in 'resourceHandlerMapping'
2024-08-09 17:39:13 - ControllerAdvice beans: 0 @ModelAttribute, 0 @InitBinder, 1 RequestBodyAdvice, 1 ResponseBodyAdvice
2024-08-09 17:39:13 - ControllerAdvice beans: 0 @ExceptionHandler, 1 ResponseBodyAdvice
2024-08-09 17:39:14 - Tomcat started on port 8080 (http) with context path ''
2024-08-09 17:39:14 - Started EnglishApp in 6.004 seconds (process running for 6.366)
2024-08-09 17:39:42 - Message received: /add_a_word from chatId: 189377799
2024-08-09 17:39:42 - Processing /add a word command
2024-08-09 17:39:47 - Message received: /start from chatId: 189377799
2024-08-09 17:39:47 - Processing /start command
2024-08-09 17:39:47 - User registered: User{id=1, chatId=189377799, firstName='Roman', lastName='Galkin', userName='garoma1989', registeredAt=2024-08-09 17:39:47.905}
2024-08-09 17:39:47 - isLanguageSet отработал, язык не найден
2024-08-09 19:06:55 - HikariPool-1 - Thread starvation or clock leap detected (housekeeper delta=1h15s54ms601µs200ns).
2024-08-09 19:08:11 - Read timed out
java.net.SocketTimeoutException: Read timed out
	at java.base/sun.nio.ch.NioSocketImpl.timedRead(NioSocketImpl.java:288)
	at java.base/sun.nio.ch.NioSocketImpl.implRead(NioSocketImpl.java:314)
	at java.base/sun.nio.ch.NioSocketImpl.read(NioSocketImpl.java:355)
	at java.base/sun.nio.ch.NioSocketImpl$1.read(NioSocketImpl.java:808)
	at java.base/java.net.Socket$SocketInputStream.read(Socket.java:966)
	at java.base/sun.security.ssl.SSLSocketInputRecord.read(SSLSocketInputRecord.java:484)
	at java.base/sun.security.ssl.SSLSocketInputRecord.readHeader(SSLSocketInputRecord.java:478)
	at java.base/sun.security.ssl.SSLSocketInputRecord.bytesInCompletePacket(SSLSocketInputRecord.java:70)
	at java.base/sun.security.ssl.SSLSocketImpl.readApplicationRecord(SSLSocketImpl.java:1461)
	at java.base/sun.security.ssl.SSLSocketImpl$AppInputStream.read(SSLSocketImpl.java:1065)
	at org.apache.http.impl.io.SessionInputBufferImpl.streamRead(SessionInputBufferImpl.java:137)
	at org.apache.http.impl.io.SessionInputBufferImpl.fillBuffer(SessionInputBufferImpl.java:153)
	at org.apache.http.impl.io.SessionInputBufferImpl.readLine(SessionInputBufferImpl.java:280)
	at org.apache.http.impl.conn.DefaultHttpResponseParser.parseHead(DefaultHttpResponseParser.java:138)
	at org.apache.http.impl.conn.DefaultHttpResponseParser.parseHead(DefaultHttpResponseParser.java:56)
	at org.apache.http.impl.io.AbstractMessageParser.parse(AbstractMessageParser.java:259)
	at org.apache.http.impl.DefaultBHttpClientConnection.receiveResponseHeader(DefaultBHttpClientConnection.java:163)
	at org.apache.http.impl.conn.CPoolProxy.receiveResponseHeader(CPoolProxy.java:157)
	at org.apache.http.protocol.HttpRequestExecutor.doReceiveResponse(HttpRequestExecutor.java:273)
	at org.apache.http.protocol.HttpRequestExecutor.execute(HttpRequestExecutor.java:125)
	at org.apache.http.impl.execchain.MainClientExec.execute(MainClientExec.java:272)
	at org.apache.http.impl.execchain.ProtocolExec.execute(ProtocolExec.java:186)
	at org.apache.http.impl.execchain.RetryExec.execute(RetryExec.java:89)
	at org.apache.http.impl.execchain.RedirectExec.execute(RedirectExec.java:110)
	at org.apache.http.impl.client.InternalHttpClient.doExecute(InternalHttpClient.java:185)
	at org.apache.http.impl.client.CloseableHttpClient.execute(CloseableHttpClient.java:83)
	at org.telegram.telegrambots.updatesreceivers.DefaultBotSession$ReaderThread.getUpdatesFromServer(DefaultBotSession.java:249)
	at org.telegram.telegrambots.updatesreceivers.DefaultBotSession$ReaderThread.run(DefaultBotSession.java:188)
2024-08-09 19:08:11 - Этот хост неизвестен (api.telegram.org)
java.net.UnknownHostException: Этот хост неизвестен (api.telegram.org)
	at java.base/java.net.Inet6AddressImpl.lookupAllHostAddr(Native Method)
	at java.base/java.net.InetAddress$PlatformNameService.lookupAllHostAddr(InetAddress.java:933)
	at java.base/java.net.InetAddress.getAddressesFromNameService(InetAddress.java:1543)
	at java.base/java.net.InetAddress$NameServiceAddresses.get(InetAddress.java:852)
	at java.base/java.net.InetAddress.getAllByName0(InetAddress.java:1532)
	at java.base/java.net.InetAddress.getAllByName(InetAddress.java:1384)
	at java.base/java.net.InetAddress.getAllByName(InetAddress.java:1305)
	at org.apache.http.impl.conn.SystemDefaultDnsResolver.resolve(SystemDefaultDnsResolver.java:45)
	at org.apache.http.impl.conn.DefaultHttpClientConnectionOperator.connect(DefaultHttpClientConnectionOperator.java:112)
	at org.apache.http.impl.conn.PoolingHttpClientConnectionManager.connect(PoolingHttpClientConnectionManager.java:376)
	at org.apache.http.impl.execchain.MainClientExec.establishRoute(MainClientExec.java:393)
	at org.apache.http.impl.execchain.MainClientExec.execute(MainClientExec.java:236)
	at org.apache.http.impl.execchain.ProtocolExec.execute(ProtocolExec.java:186)
	at org.apache.http.impl.execchain.RetryExec.execute(RetryExec.java:89)
	at org.apache.http.impl.execchain.RedirectExec.execute(RedirectExec.java:110)
	at org.apache.http.impl.client.InternalHttpClient.doExecute(InternalHttpClient.java:185)
	at org.apache.http.impl.client.CloseableHttpClient.execute(CloseableHttpClient.java:83)
	at org.telegram.telegrambots.updatesreceivers.DefaultBotSession$ReaderThread.getUpdatesFromServer(DefaultBotSession.java:249)
	at org.telegram.telegrambots.updatesreceivers.DefaultBotSession$ReaderThread.run(DefaultBotSession.java:188)
